[    0.000000] Initializing cgroup subsys cpuset
[    0.000000] Initializing cgroup subsys cpu
[    0.000000] Initializing cgroup subsys cpuacct
[    0.000000] Linux version 4.4.0-159-generic (buildd@lgw01-amd64-042) (gcc version 5.4.0 20160609 (Ubuntu 5.4.0-6ubuntu1~16.04.10) ) #187-Ubuntu SMP Thu Aug 1 16:28:06 UTC 2019 (Ubuntu 4.4.0-159.187-generic 4.4.185)
[    0.000000] Command line: BOOT_IMAGE=/boot/vmlinuz-4.4.0-159-generic root=LABEL=cloudimg-rootfs ro console=tty1 console=ttyS0
[    0.000000] KERNEL supported cpus:
[    0.000000]   Intel GenuineIntel
[    0.000000]   AMD AuthenticAMD
[    0.000000]   Centaur CentaurHauls
[    0.000000] x86/fpu: xstate_offset[2]:  576, xstate_sizes[2]:  256
[    0.000000] x86/fpu: Supporting XSAVE feature 0x01: 'x87 floating point registers'
[    0.000000] x86/fpu: Supporting XSAVE feature 0x02: 'SSE registers'
[    0.000000] x86/fpu: Supporting XSAVE feature 0x04: 'AVX registers'
[    0.000000] x86/fpu: Enabled xstate features 0x7, context size is 832 bytes, using 'standard' format.
[    0.000000] e820: BIOS-provided physical RAM map:
[    0.000000] BIOS-e820: [mem 0x0000000000000000-0x000000000009fbff] usable
[    0.000000] BIOS-e820: [mem 0x000000000009fc00-0x000000000009ffff] reserved
[    0.000000] BIOS-e820: [mem 0x00000000000f0000-0x00000000000fffff] reserved
[    0.000000] BIOS-e820: [mem 0x0000000000100000-0x000000003ffeffff] usable
[    0.000000] BIOS-e820: [mem 0x000000003fff0000-0x000000003fffffff] ACPI data
[    0.000000] BIOS-e820: [mem 0x00000000fec00000-0x00000000fec00fff] reserved
[    0.000000] BIOS-e820: [mem 0x00000000fee00000-0x00000000fee00fff] reserved
[    0.000000] BIOS-e820: [mem 0x00000000fffc0000-0x00000000ffffffff] reserved
[    0.000000] NX (Execute Disable) protection: active
[    0.000000] SMBIOS 2.5 present.
[    0.000000] Hypervisor detected: KVM
[    0.000000] e820: last_pfn = 0x3fff0 max_arch_pfn = 0x400000000
[    0.000000] MTRR: Disabled
[    0.000000] x86/PAT: MTRRs disabled, skipping PAT initialization too.
[    0.000000] CPU MTRRs all blank - virtualized system.
[    0.000000] x86/PAT: Configuration [0-7]: WB  WT  UC- UC  WB  WT  UC- UC  
[    0.000000] found SMP MP-table at [mem 0x0009fff0-0x0009ffff] mapped at [ffff88000009fff0]
[    0.000000] Scanning 1 areas for low memory corruption
[    0.000000] RAMDISK: [mem 0x362fc000-0x37175fff]
[    0.000000] ACPI: Early table checksum verification disabled
[    0.000000] ACPI: RSDP 0x00000000000E0000 000024 (v02 VBOX  )
[    0.000000] ACPI: XSDT 0x000000003FFF0030 00003C (v01 VBOX   VBOXXSDT 00000001 ASL  00000061)
[    0.000000] ACPI: FACP 0x000000003FFF00F0 0000F4 (v04 VBOX   VBOXFACP 00000001 ASL  00000061)
[    0.000000] ACPI: DSDT 0x000000003FFF0470 0022EA (v02 VBOX   VBOXBIOS 00000002 INTL 20100528)
[    0.000000] ACPI: FACS 0x000000003FFF0200 000040
[    0.000000] ACPI: FACS 0x000000003FFF0200 000040
[    0.000000] ACPI: APIC 0x000000003FFF0240 00005C (v02 VBOX   VBOXAPIC 00000001 ASL  00000061)
[    0.000000] ACPI: SSDT 0x000000003FFF02A0 0001CC (v01 VBOX   VBOXCPUT 00000002 INTL 20100528)
[    0.000000] No NUMA configuration found
[    0.000000] Faking a node at [mem 0x0000000000000000-0x000000003ffeffff]
[    0.000000] NODE_DATA(0) allocated [mem 0x3ffeb000-0x3ffeffff]
[    0.000000] kvm-clock: Using msrs 4b564d01 and 4b564d00
[    0.000000] kvm-clock: cpu 0, msr 0:3ffe3001, primary cpu clock
[    0.000000] kvm-clock: using sched offset of 3399960355 cycles
[    0.000000] clocksource: kvm-clock: mask: 0xffffffffffffffff max_cycles: 0x1cd42e4dffb, max_idle_ns: 881590591483 ns
[    0.000000] Zone ranges:
[    0.000000]   DMA      [mem 0x0000000000001000-0x0000000000ffffff]
[    0.000000]   DMA32    [mem 0x0000000001000000-0x000000003ffeffff]
[    0.000000]   Normal   empty
[    0.000000]   Device   empty
[    0.000000] Movable zone start for each node
[    0.000000] Early memory node ranges
[    0.000000]   node   0: [mem 0x0000000000001000-0x000000000009efff]
[    0.000000]   node   0: [mem 0x0000000000100000-0x000000003ffeffff]
[    0.000000] Initmem setup node 0 [mem 0x0000000000001000-0x000000003ffeffff]
[    0.000000] ACPI: PM-Timer IO Port: 0x4008
[    0.000000] IOAPIC[0]: apic_id 2, version 32, address 0xfec00000, GSI 0-23
[    0.000000] ACPI: INT_SRC_OVR (bus 0 bus_irq 0 global_irq 2 dfl dfl)
[    0.000000] ACPI: INT_SRC_OVR (bus 0 bus_irq 9 global_irq 9 low level)
[    0.000000] Using ACPI (MADT) for SMP configuration information
[    0.000000] smpboot: Allowing 2 CPUs, 0 hotplug CPUs
[    0.000000] PM: Registered nosave memory: [mem 0x00000000-0x00000fff]
[    0.000000] PM: Registered nosave memory: [mem 0x0009f000-0x0009ffff]
[    0.000000] PM: Registered nosave memory: [mem 0x000a0000-0x000effff]
[    0.000000] PM: Registered nosave memory: [mem 0x000f0000-0x000fffff]
[    0.000000] e820: [mem 0x40000000-0xfebfffff] available for PCI devices
[    0.000000] Booting paravirtualized kernel on KVM
[    0.000000] clocksource: refined-jiffies: mask: 0xffffffff max_cycles: 0xffffffff, max_idle_ns: 7645519600211568 ns
[    0.000000] setup_percpu: NR_CPUS:512 nr_cpumask_bits:512 nr_cpu_ids:2 nr_node_ids:1
[    0.000000] PERCPU: Embedded 34 pages/cpu @ffff88003fc00000 s99544 r8192 d31528 u1048576
[    0.000000] Built 1 zonelists in Node order, mobility grouping on.  Total pages: 257912
[    0.000000] Policy zone: DMA32
[    0.000000] Kernel command line: BOOT_IMAGE=/boot/vmlinuz-4.4.0-159-generic root=LABEL=cloudimg-rootfs ro console=tty1 console=ttyS0
[    0.000000] PID hash table entries: 4096 (order: 3, 32768 bytes)
[    0.000000] Memory: 997732K/1048120K available (8618K kernel code, 1335K rwdata, 4032K rodata, 1488K init, 1284K bss, 50388K reserved, 0K cma-reserved)
[    0.000000] SLUB: HWalign=64, Order=0-3, MinObjects=0, CPUs=2, Nodes=1
[    0.000000] Kernel/User page tables isolation: enabled
[    0.000000] Hierarchical RCU implementation.
[    0.000000] 	Build-time adjustment of leaf fanout to 64.
[    0.000000] 	RCU restricting CPUs from NR_CPUS=512 to nr_cpu_ids=2.
[    0.000000] RCU: Adjusting geometry for rcu_fanout_leaf=64, nr_cpu_ids=2
[    0.000000] NR_IRQS:33024 nr_irqs:440 16
[    0.000000] Console: colour VGA+ 80x25
[    0.000000] console [tty1] enabled
[    0.000000] console [ttyS0] enabled
[    0.000000] tsc: Detected 2793.532 MHz processor
[    0.151884] Calibrating delay loop (skipped) preset value.. 5587.06 BogoMIPS (lpj=11174128)
[    0.153985] pid_max: default: 32768 minimum: 301
[    0.155084] ACPI: Core revision 20150930
[    0.156670] ACPI: 2 ACPI AML tables successfully acquired and loaded
[    0.158126] Security Framework initialized
[    0.159090] Yama: becoming mindful.
[    0.159981] AppArmor: AppArmor initialized
[    0.161207] Dentry cache hash table entries: 131072 (order: 8, 1048576 bytes)
[    0.164284] Inode-cache hash table entries: 65536 (order: 7, 524288 bytes)
[    0.165781] Mount-cache hash table entries: 2048 (order: 2, 16384 bytes)
[    0.167310] Mountpoint-cache hash table entries: 2048 (order: 2, 16384 bytes)
[    0.168911] Initializing cgroup subsys io
[    0.169844] Initializing cgroup subsys memory
[    0.170897] Initializing cgroup subsys devices
[    0.171903] Initializing cgroup subsys freezer
[    0.172907] Initializing cgroup subsys net_cls
[    0.173910] Initializing cgroup subsys perf_event
[    0.175088] Initializing cgroup subsys net_prio
[    0.176143] Initializing cgroup subsys hugetlb
[    0.177146] Initializing cgroup subsys pids
[    0.178949] mce: CPU supports 0 MCE banks
[    0.180397] Last level iTLB entries: 4KB 1024, 2MB 1024, 4MB 1024
[    0.181746] Last level dTLB entries: 4KB 1024, 2MB 1024, 4MB 1024, 1GB 4
[    0.183174] Spectre V1 : Mitigation: usercopy/swapgs barriers and __user pointer sanitization
[    0.185372] Spectre V2 : Mitigation: Full generic retpoline
[    0.186573] Spectre V2 : Spectre v2 / SpectreRSB mitigation: Filling RSB on context switch
[    0.188457] Speculative Store Bypass: Vulnerable
[    0.189548] MDS: Mitigation: Clear CPU buffers
[    0.192968] Freeing SMP alternatives memory: 36K
[    0.198677] ftrace: allocating 32318 entries in 127 pages
[    0.247359] smpboot: APIC(0) Converting physical 0 to logical package 0
[    0.249082] smpboot: Max logical packages: 1
[    0.250354] x2apic enabled
[    0.251254] Switched APIC routing to physical x2apic.
[    0.253328] ..TIMER: vector=0x30 apic1=0 pin1=2 apic2=-1 pin2=-1
[    0.363362] smpboot: CPU0: Intel(R) Core(TM) i7-4980HQ CPU @ 2.80GHz (family: 0x6, model: 0x46, stepping: 0x1)
[    0.366041] Performance Events: unsupported p6 CPU model 70 no PMU driver, software events only.
[    0.376754] KVM setup paravirtual spinlock
[    0.378453] x86: Booting SMP configuration:
[    0.379659] .... node  #0, CPUs:      #1
[    0.380734] kvm-clock: cpu 1, msr 0:3ffe3041, secondary cpu clock
[    0.382633] mce: CPU supports 0 MCE banks
[    0.385329] x86: Booted up 1 node, 2 CPUs
[    0.386420] smpboot: Total of 2 processors activated (11174.12 BogoMIPS)
[    0.388316] devtmpfs: initialized
[    0.390697] evm: security.selinux
[    0.391689] evm: security.SMACK64
[    0.392707] evm: security.SMACK64EXEC
[    0.393730] evm: security.SMACK64TRANSMUTE
[    0.394729] evm: security.SMACK64MMAP
[    0.395607] evm: security.ima
[    0.396340] evm: security.capability
[    0.397361] clocksource: jiffies: mask: 0xffffffff max_cycles: 0xffffffff, max_idle_ns: 7645041785100000 ns
[    0.399541] futex hash table entries: 512 (order: 3, 32768 bytes)
[    0.400984] pinctrl core: initialized pinctrl subsystem
[    0.402229] RTC time: 16:43:15, date: 08/17/19
[    0.403406] NET: Registered protocol family 16
[    0.415927] cpuidle: using governor ladder
[    0.428274] cpuidle: using governor menu
[    0.429587] PCCT header not found.
[    0.430803] ACPI: bus type PCI registered
[    0.432151] acpiphp: ACPI Hot Plug PCI Controller Driver version: 0.5
[    0.434019] PCI: Using configuration type 1 for base access
[    0.448754] ACPI: Added _OSI(Module Device)
[    0.450175] ACPI: Added _OSI(Processor Device)
[    0.451632] ACPI: Added _OSI(3.0 _SCP Extensions)
[    0.452980] ACPI: Added _OSI(Processor Aggregator Device)
[    0.455230] ACPI: Executed 1 blocks of module-level executable AML code
[    0.458547] ACPI: Interpreter enabled
[    0.459421] ACPI: (supports S0 S5)
[    0.460339] ACPI: Using IOAPIC for interrupt routing
[    0.461715] PCI: Using host bridge windows from ACPI; if necessary, use "pci=nocrs" and report a bug
[    0.467523] ACPI: PCI Root Bridge [PCI0] (domain 0000 [bus 00-ff])
[    0.469074] acpi PNP0A03:00: _OSC: OS supports [ASPM ClockPM Segments MSI]
[    0.471060] acpi PNP0A03:00: _OSC: not requesting OS control; OS requires [ExtendedConfig ASPM ClockPM MSI]
[    0.473761] acpi PNP0A03:00: fail to add MMCONFIG information, can't access extended PCI configuration space under this bridge.
[    0.476717] PCI host bridge to bus 0000:00
[    0.477656] pci_bus 0000:00: root bus resource [io  0x0000-0x0cf7 window]
[    0.479169] pci_bus 0000:00: root bus resource [io  0x0d00-0xffff window]
[    0.480671] pci_bus 0000:00: root bus resource [mem 0x000a0000-0x000bffff window]
[    0.482458] pci_bus 0000:00: root bus resource [mem 0x40000000-0xfdffffff window]
[    0.484189] pci_bus 0000:00: root bus resource [bus 00-ff]
[    0.488215] pci 0000:00:01.1: legacy IDE quirk: reg 0x10: [io  0x01f0-0x01f7]
[    0.489802] pci 0000:00:01.1: legacy IDE quirk: reg 0x14: [io  0x03f6]
[    0.491203] pci 0000:00:01.1: legacy IDE quirk: reg 0x18: [io  0x0170-0x0177]
[    0.492779] pci 0000:00:01.1: legacy IDE quirk: reg 0x1c: [io  0x0376]
[    0.516005] pci 0000:00:07.0: quirk: [io  0x4000-0x403f] claimed by PIIX4 ACPI
[    0.518027] pci 0000:00:07.0: quirk: [io  0x4100-0x410f] claimed by PIIX4 SMB
[    0.524763] ACPI: PCI Interrupt Link [LNKA] (IRQs 5 9 10 *11)
[    0.526715] ACPI: PCI Interrupt Link [LNKB] (IRQs 5 9 *10 11)
[    0.528503] ACPI: PCI Interrupt Link [LNKC] (IRQs 5 *9 10 11)
[    0.530471] ACPI: PCI Interrupt Link [LNKD] (IRQs 5 9 10 *11)
[    0.532208] ACPI: Enabled 2 GPEs in block 00 to 07
[    0.533610] vgaarb: setting as boot device: PCI:0000:00:02.0
[    0.534974] vgaarb: device added: PCI:0000:00:02.0,decodes=io+mem,owns=io+mem,locks=none
[    0.536836] vgaarb: loaded
[    0.537522] vgaarb: bridge control possible 0000:00:02.0
[    0.539027] SCSI subsystem initialized
[    0.540374] ACPI: bus type USB registered
[    0.541390] usbcore: registered new interface driver usbfs
[    0.542704] usbcore: registered new interface driver hub
[    0.543942] usbcore: registered new device driver usb
[    0.545341] PCI: Using ACPI for IRQ routing
[    0.546720] NetLabel: Initializing
[    0.547566] NetLabel:  domain hash size = 128
[    0.548582] NetLabel:  protocols = UNLABELED CIPSOv4
[    0.551213] NetLabel:  unlabeled traffic allowed by default
[    0.552623] amd_nb: Cannot enumerate AMD northbridges
[    0.553823] clocksource: Switched to clocksource kvm-clock
[    0.562042] AppArmor: AppArmor Filesystem Enabled
[    0.563397] pnp: PnP ACPI init
[    0.565370] pnp: PnP ACPI: found 3 devices
[    0.574986] clocksource: acpi_pm: mask: 0xffffff max_cycles: 0xffffff, max_idle_ns: 2085701024 ns
[    0.577330] NET: Registered protocol family 2
[    0.578447] TCP established hash table entries: 8192 (order: 4, 65536 bytes)
[    0.580051] TCP bind hash table entries: 8192 (order: 5, 131072 bytes)
[    0.581447] TCP: Hash tables configured (established 8192 bind 8192)
[    0.582854] UDP hash table entries: 512 (order: 2, 16384 bytes)
[    0.584137] UDP-Lite hash table entries: 512 (order: 2, 16384 bytes)
[    0.585512] NET: Registered protocol family 1
[    0.586546] pci 0000:00:00.0: Limiting direct PCI/PCI transfers
[    0.587856] pci 0000:00:01.0: Activating ISA DMA hang workarounds
[    0.589403] Unpacking initramfs...
[    0.765963] Freeing initrd memory: 14824K
[    0.767283] clocksource: tsc: mask: 0xffffffffffffffff max_cycles: 0x284462ec54c, max_idle_ns: 440795344772 ns
[    0.769613] platform rtc_cmos: registered platform RTC device (no PNP device found)
[    0.771481] Scanning for low memory corruption every 60 seconds
[    0.773103] audit: initializing netlink subsys (disabled)
[    0.774606] audit: type=2000 audit(1566060200.904:1): initialized
[    0.776182] Initialise system trusted keyring
[    0.777339] HugeTLB registered 2 MB page size, pre-allocated 0 pages
[    0.779784] zbud: loaded
[    0.780790] VFS: Disk quotas dquot_6.6.0
[    0.781737] VFS: Dquot-cache hash table entries: 512 (order 0, 4096 bytes)
[    0.783531] squashfs: version 4.0 (2009/01/31) Phillip Lougher
[    0.785023] fuse init (API version 7.23)
[    0.786040] Key type big_key registered
[    0.787024] Allocating IMA MOK and blacklist keyrings.
[    0.789451] Key type asymmetric registered
[    0.790556] Asymmetric key parser 'x509' registered
[    0.791682] Block layer SCSI generic (bsg) driver version 0.4 loaded (major 249)
[    0.793438] io scheduler noop registered
[    0.794408] io scheduler deadline registered (default)
[    0.795568] io scheduler cfq registered
[    0.796537] pci_hotplug: PCI Hot Plug PCI Core version: 0.5
[    0.797756] pciehp: PCI Express Hot Plug Controller Driver version: 0.4
[    0.799530] ACPI: AC Adapter [AC] (off-line)
[    0.800568] input: Power Button as /devices/LNXSYSTM:00/LNXPWRBN:00/input/input0
[    0.802310] ACPI: Power Button [PWRF]
[    0.803297] input: Sleep Button as /devices/LNXSYSTM:00/LNXSLPBN:00/input/input1
[    0.804992] ACPI: Sleep Button [SLPF]
[    0.806966] ACPI: Battery Slot [BAT0] (battery present)
[    0.808142] GHES: HEST is not enabled!
[    0.809100] Serial: 8250/16550 driver, 32 ports, IRQ sharing enabled
[    0.831383] 00:02: ttyS0 at I/O 0x3f8 (irq =4, base_baud = 115200) is a 16550A
[    0.834613] Linux agpgart interface v0.103
[    0.837173] loop: module loaded
[    0.838533] scsi host0: ata_piix
[    0.839531] scsi host1: ata_piix
[    0.840379] ata1: PATA max UDMA/33 cmd 0x1f0 ctl 0x3f6 bmdma 0xd000 irq 14
[    0.841883] ata2: PATA max UDMA/33 cmd 0x170 ctl 0x376 bmdma 0xd008 irq 15
[    0.843476] libphy: Fixed MDIO Bus: probed
[    0.844491] tun: Universal TUN/TAP device driver, 1.6
[    0.845663] tun: (C) 1999-2004 Max Krasnyansky <maxk@qualcomm.com>
[    0.847140] PPP generic driver version 2.4.2
[    0.848185] ehci_hcd: USB 2.0 'Enhanced' Host Controller (EHCI) Driver
[    0.849590] ehci-pci: EHCI PCI platform driver
[    0.850670] ehci-platform: EHCI generic platform driver
[    0.851827] ohci_hcd: USB 1.1 'Open' Host Controller (OHCI) Driver
[    0.853156] ohci-pci: OHCI PCI platform driver
[    0.854203] ohci-platform: OHCI generic platform driver
[    0.855359] uhci_hcd: USB Universal Host Controller Interface driver
[    0.856851] i8042: PNP: PS/2 Controller [PNP0303:PS2K,PNP0f03:PS2M] at 0x60,0x64 irq 1,12
[    0.859184] serio: i8042 KBD port at 0x60,0x64 irq 1
[    0.860406] serio: i8042 AUX port at 0x60,0x64 irq 12
[    0.861602] mousedev: PS/2 mouse device common for all mice
[    0.863165] rtc_cmos rtc_cmos: rtc core: registered rtc_cmos as rtc0
[    0.864645] rtc_cmos rtc_cmos: alarms up to one day, 114 bytes nvram
[    0.866349] i2c /dev entries driver
[    0.867416] device-mapper: uevent: version 1.0.3
[    0.868785] device-mapper: ioctl: 4.34.0-ioctl (2015-10-28) initialised: dm-devel@redhat.com
[    0.871306] input: AT Translated Set 2 keyboard as /devices/platform/i8042/serio0/input/input2
[    0.873650] ledtrig-cpu: registered to indicate activity on CPUs
[    0.875520] NET: Registered protocol family 10
[    0.876965] NET: Registered protocol family 17
[    0.877990] Key type dns_resolver registered
[    0.879316] registered taskstats version 1
[    0.880519] Loading compiled-in X.509 certificates
[    0.882266] Loaded X.509 cert 'Build time autogenerated kernel key: d14182f9795b80ec340f636a5a08bf5817ccd8e7'
[    0.884540] zswap: loaded using pool lzo/zbud
[    0.887198] Key type trusted registered
[    0.891323] Key type encrypted registered
[    0.892378] AppArmor: AppArmor sha1 policy hashing enabled
[    0.893609] ima: No TPM chip found, activating TPM-bypass!
[    0.894885] ima: Allocated hash algorithm: sha1
[    0.895926] evm: HMAC attrs: 0x1
[    0.897069]   Magic number: 15:670:742
[    0.898081] rtc_cmos rtc_cmos: setting system clock to 2019-08-17 16:43:16 UTC (1566060196)
[    0.900078] BIOS EDD facility v0.16 2004-Jun-25, 0 devices found
[    0.901386] EDD information not available.
[    0.999281] Freeing unused kernel memory: 1488K
[    1.000827] Write protecting the kernel read-only data: 14336k
[    1.002951] Freeing unused kernel memory: 1608K
[    1.004483] Freeing unused kernel memory: 64K
Loading, please wait...
starting version 229
[    1.017769] random: systemd-udevd: uninitialized urandom read (16 bytes read, 2 bits of entropy available)
[    1.018195] random: udevadm: uninitialized urandom read (16 bytes read, 2 bits of entropy available)
[    1.018209] random: udevadm: uninitialized urandom read (16 bytes read, 2 bits of entropy available)
[    1.024174] random: udevadm: uninitialized urandom read (16 bytes read, 2 bits of entropy available)
[    1.024210] random: udevadm: uninitialized urandom read (16 bytes read, 2 bits of entropy available)
[    1.024342] random: udevadm: uninitialized urandom read (16 bytes read, 2 bits of entropy available)
[    1.024394] random: udevadm: uninitialized urandom read (16 bytes read, 2 bits of entropy available)
[    1.024445] random: udevadm: uninitialized urandom read (16 bytes read, 2 bits of entropy available)
[    1.024499] random: udevadm: uninitialized urandom read (16 bytes read, 2 bits of entropy available)
[    1.024548] random: udevadm: uninitialized urandom read (16 bytes read, 2 bits of entropy available)
[    1.062748] e1000: Intel(R) PRO/1000 Network Driver - version 7.3.21-k8-NAPI
[    1.064970] e1000: Copyright (c) 1999-2006 Intel Corporation.
[    1.067006] Fusion MPT base driver 3.04.20
[    1.068384] Copyright (c) 1999-2008 LSI Corporation
[    1.073676] Fusion MPT SPI Host driver 3.04.20
[    1.100863] AVX2 version of gcm_enc/dec engaged.
[    1.102398] AES CTR mode by8 optimization enabled
[    1.318319] input: ImExPS/2 Generic Explorer Mouse as /devices/platform/i8042/serio1/input/input4
[    1.467104] e1000 0000:00:03.0 eth0: (PCI:33MHz:32-bit) 02:f3:53:b7:bc:c2
[    1.468950] e1000 0000:00:03.0 eth0: Intel(R) PRO/1000 Network Connection
[    1.471592] mptbase: ioc0: Initiating bringup
[    1.473535] e1000 0000:00:03.0 enp0s3: renamed from eth0
[    1.693457] ioc0: LSI53C1030 A0: Capabilities={Initiator}
[    3.655334] scsi host2: ioc0: LSI53C1030 A0, FwRev=00000000h, Ports=1, MaxQ=256, IRQ=20
[    3.923758] scsi 2:0:0:0: Direct-Access     VBOX     HARDDISK         1.0  PQ: 0 ANSI: 5
[    3.926542] scsi target2:0:0: Beginning Domain Validation
[    3.929784] scsi target2:0:0: Domain Validation skipping write tests
[    3.931252] scsi target2:0:0: Ending Domain Validation
[    3.932482] scsi target2:0:0: asynchronous
[    3.934080] scsi 2:0:1:0: Direct-Access     VBOX     HARDDISK         1.0  PQ: 0 ANSI: 5
[    3.935917] scsi target2:0:1: Beginning Domain Validation
[    3.938870] scsi target2:0:1: Domain Validation skipping write tests
[    3.940270] scsi target2:0:1: Ending Domain Validation
[    3.941474] scsi target2:0:1: asynchronous
[    3.956081] sd 2:0:0:0: Attached scsi generic sg0 type 0
[    3.956326] sd 2:0:0:0: [sda] 20971520 512-byte logical blocks: (10.7 GB/10.0 GiB)
[    3.956529] sd 2:0:0:0: [sda] Write Protect is off
[    3.956659] sd 2:0:0:0: [sda] Incomplete mode parameter data
[    3.956660] sd 2:0:0:0: [sda] Assuming drive cache: write through
[    3.962525]  sda: sda1
[    3.963161] sd 2:0:0:0: [sda] Attached SCSI disk
[    3.965216] sd 2:0:1:0: Attached scsi generic sg1 type 0
[    3.965326] sd 2:0:1:0: [sdb] 20480 512-byte logical blocks: (10.5 MB/10.0 MiB)
[    3.965528] sd 2:0:1:0: [sdb] Write Protect is off
[    3.965647] sd 2:0:1:0: [sdb] Incomplete mode parameter data
[    3.965648] sd 2:0:1:0: [sdb] Assuming drive cache: write through
[    3.967408] sd 2:0:1:0: [sdb] Attached SCSI disk
Begin: Loading essential drivers ... [    5.232634] md: linear personality registered for level -1
[    5.236363] md: multipath personality registered for level -4
[    5.240009] md: raid0 personality registered for level 0
[    5.244677] md: raid1 personality registered for level 1
[    5.314085] raid6: sse2x1   gen() 11967 MB/s
[    5.381849] raid6: sse2x1   xor()  9303 MB/s
[    5.449948] raid6: sse2x2   gen() 14122 MB/s
[    5.518413] raid6: sse2x2   xor()  9719 MB/s
[    5.586038] raid6: sse2x4   gen() 17502 MB/s
[    5.654096] raid6: sse2x4   xor() 12239 MB/s
[    5.722073] raid6: avx2x1   gen() 23306 MB/s
[    5.790068] raid6: avx2x2   gen() 26298 MB/s
[    5.858089] raid6: avx2x4   gen() 30583 MB/s
[    5.859236] raid6: using algorithm avx2x4 gen() 30583 MB/s
[    5.860495] raid6: using avx2x2 recovery algorithm
[    5.863001] xor: automatically using best checksumming function:
[    5.905868]    avx       : 33097.000 MB/sec
[    5.908204] async_tx: api initialized (async)
[    5.918548] md: raid6 personality registered for level 6
[    5.920044] md: raid5 personality registered for level 5
[    5.921539] md: raid4 personality registered for level 4
[    5.928697] md: raid10 personality registered for level 10
done.
Begin: Running /scripts/init-premount ... done.
Begin: Mounting root file system ... Begin: Running /scripts/local-top ... done.
Begin: Running /scripts/local-premount ... [    5.957496] Btrfs loaded
Scanning for Btrfs filesystems
done.
Warning: fsck not present, so skipping root file system
[    5.981733] EXT4-fs (sda1): mounted filesystem with ordered data mode. Opts: (null)
done.
Begin: Running /scripts/local-bottom ... done.
Begin: Running /scripts/init-bottom ... done.
[    6.051697] systemd[1]: systemd 229 running in system mode. (+PAM +AUDIT +SELINUX +IMA +APPARMOR +SMACK +SYSVINIT +UTMP +LIBCRYPTSETUP +GCRYPT +GNUTLS +ACL +XZ -LZ4 +SECCOMP +BLKID +ELFUTILS +KMOD -IDN)
[    6.055655] systemd[1]: Detected virtualization oracle.
[    6.056893] systemd[1]: Detected architecture x86-64.

Welcome to [1mUbuntu 16.04.6 LTS[0m!

[    6.060066] systemd[1]: Set hostname to <ubuntu>.
[    6.062489] systemd[1]: Initializing machine ID from random generator.
[    6.064157] systemd[1]: Installed transient /etc/machine-id file.
[    6.163816] systemd[1]: Created slice User and Session Slice.
[[0;32m  OK  [0m] Created slice User and Session Slice.
[    6.166427] systemd[1]: Started Forward Password Requests to Wall Directory Watch.
[[0;32m  OK  [0m] Started Forward Password Requests to Wall Directory Watch.
[    6.169833] systemd[1]: Created slice System Slice.
[[0;32m  OK  [0m] Created slice System Slice.
[    6.172063] systemd[1]: Reached target User and Group Name Lookups.
[[0;32m  OK  [0m] Reached target User and Group Name Lookups.
[    6.174710] systemd[1]: Reached target Encrypted Volumes.
[[0;32m  OK  [0m] Reached target Encrypted Volumes.
[    6.177079] systemd[1]: Listening on Journal Socket.
[[0;32m  OK  [0m] Listening on Journal Socket.
[    6.190437] systemd[1]: Mounting Debug File System...
         Mounting Debug File System...
[    6.194808] systemd[1]: Starting Load Kernel Modules...
         Starting Load Kernel Modules...
[    6.201373] Loading iSCSI transport class v2.0-870.
[    6.203116] systemd[1]: Starting Remount Root and Kernel File Systems...
         Starting Remount Root and Kernel File Systems...
[    6.206376] systemd[1]: Starting Nameserver information manager...

    6.207774] EXT4-fs (sda1): re-mounted. Opts: (null)
         Starting Nameserver information manager...
[    6.213750] iscsi: registered transport (tcp)
[    6.215088] systemd[1]: Created slice system-serial\x2dgetty.slice.
[[0;32m  OK  [0m] Created slice system-serial\x2dgetty.slice.
[    6.218110] systemd[1]: Starting Set console keymap...
         Starting Set console keymap...
[    6.227087] systemd[1]: Listening on LVM2 poll daemon socket.
[[0;32m  OK  [0m] Listening on LVM2 poll daemon socket.
[    6.230050] systemd[1]: Listening on Journal Audit Socket.
[[0;32m  OK  [0m] Listening on Journal Audit Socket.
[    6.232498] systemd[1]: Listening on udev Control Socket.
[[0;32m  OK  [0m] Listening on udev Control Socket.
[    6.235523] systemd[1]: Mounting POSIX Message Queue File System...
         Mounting POSIX Message Queue File System...
[    6.238072] systemd[1]: Listening on /dev/initctl Compatibility Named Pipe.
[[0;32m  OK  [0m] Listening on /dev/initctl Compatibility Named Pipe.
[    6.241836] systemd[1]: Mounting Huge Pages File System...
         Mounting Huge Pages File System...
[    6.244400] systemd[1]: Reached target System Time Synchronized.
[[0;32m  OK  [0m] Reached target System Time Synchronized.
[    6.247426] systemd[1]: Listening on Syslog Socket.
[[0;32m  OK  [0m] Listening on Syslog Socket.
[    6.249984] systemd[1]: Starting Create list of required static device nodes for the current kernel...
         Starting Create list of required st... nodes for the current kernel...
[    6.253936] systemd[1]: Listening on udev Kernel Socket.
[[0;32m  OK  [0m] Listening on udev Kernel Socket.
[    6.259820] iscsi: registered transport (iser)
[    6.262122] systemd[1]: Listening on Journal Socket (/dev/log).
[[0;32m  OK  [0m] Listening on Journal Socket (/dev/log).
[    6.264659] systemd[1]: Reached target Slices.
[[0;32m  OK  [0m] Reached target Slices.
[    6.266748] systemd[1]: Listening on Device-mapper event daemon FIFOs.
[[0;32m  OK  [0m] Listening on Device-mapper event daemon FIFOs.
[    6.270001] systemd[1]: Starting Journal Service...
         Starting Journal Service...
[    6.272260] systemd[1]: Listening on LVM2 metadata daemon socket.
[[0;32m  OK  [0m] Listening on LVM2 metadata daemon socket.
[    6.282560] systemd[1]: Starting Monitoring of LVM2 mirrors, snapshots etc. using dmeventd or progress polling...
         Starting Monitoring of LVM2 mirrors... dmeventd or progress polling...
[    6.294386] systemd[1]: Reached target Swap.
[[0;32m  OK  [0m] Reached target Swap.
[    6.296756] systemd[1]: Starting Uncomplicated firewall...
         Starting Uncomplicated firewall...
[    6.306727] systemd[1]: Set up automount Arbitrary Executable File Formats File System Automount Point.
[[0;32m  OK  [0m] Set up automount Arbitrary Executab...ats File System Automount Point.
[    6.312292] systemd[1]: Started Trigger resolvconf update for networkd DNS.
[[0;32m  OK  [0m] Started Trigger resolvconf update for networkd DNS.
[    6.326983] systemd[1]: Mounted Huge Pages File System.
[[0;32m  OK  [0m] Mounted Huge Pages File System.
[    6.338458] systemd[1]: Mounted POSIX Message Queue File System.
[[0;32m  OK  [0m] Mounted POSIX Message Queue File System.
[    6.341577] systemd[1]: Mounted Debug File System.
[[0;32m  OK  [0m] Mounted Debug File System.
[    6.344199] systemd[1]: Started Journal Service.
[[0;32m  OK  [0m] Started Journal Service.
[[0;32m  OK  [0m] Started Load Kernel Modules.
[[0;32m  OK  [0m] Started Remount Root and Kernel File Systems.
[[0;32m  OK  [0m] Started Set console keymap.
[[0;32m  OK  [0m] Started Create list of required sta...ce nodes for the current kernel.
[[0;32m  OK  [0m] Started Uncomplicated firewall.
[[0;32m  OK  [0m] Started Nameserver information manager.
[[0;32m  OK  [0m] Started LVM2 metadata daemon.
         Starting Create Static Device Nodes in /dev...
         Starting Load/Save Random Seed...
         Starting udev Coldplug all Devices...
         Starting Apply Kernel Variables...
         Mounting FUSE Control File System...
         Starting Flush Journal to Persistent Storage...
[[0;32m  OK  [0m] Mounted FUSE Control File System.
[[0;32m  OK  [0m] Started Create Static Device Nodes in /dev.
[[0;32m  OK  [0m] Started Load/Save Random Seed.
[[0;32m  OK  [0m] Started Apply Kernel Variables.
[[0;32m  OK  [0m] Started Flush Journal to Persistent Storage.
[[0;32m  OK  [0m] Started udev Coldplug all Devices.
         Starting udev Kernel Device Manager...
[[0;32m  OK  [0m] Started udev Kernel Device Manager.
[[0;32m  OK  [0m] Started Dispatch Password Requests to Console Directory Watch.
[[0;32m  OK  [0m] Found device /dev/ttyS0.
[[0;32m  OK  [0m] Listening on Load/Save RF Kill Switch Status /dev/rfkill Watch.
[[0;32m  OK  [0m] Started Monitoring of LVM2 mirrors,...ng dmeventd or progress polling.
[[0;32m  OK  [0m] Reached target Local File Systems (Pre).
[[0;32m  OK  [0m] Reached target Local File Systems.
         Starting LSB: AppArmor initialization...
         Starting Commit a transient machine-id on disk...
         Starting Set console font and keymap...
         Starting Initial cloud-init job (pre-networking)...
         Starting Create Volatile Files and Directories...
         Starting Tell Plymouth To Write Out Runtime Data...
[[0;32m  OK  [0m] Started Commit a transient machine-id on disk.
[[0;32m  OK  [0m] Started Create Volatile Files and Directories.
[[0;32m  OK  [0m] Started Tell Plymouth To Write Out Runtime Data.
         Starting Update UTMP about System Boot/Shutdown...
[[0;32m  OK  [0m] Started Update UTMP about System Boot/Shutdown.
[[0;32m  OK  [0m] Started Set console font and keymap.
[[0;32m  OK  [0m] Created slice system-getty.slice.
[[0;32m  OK  [0m] Started LSB: AppArmor initialization.
[    7.701415] cloud-init[601]: Cloud-init v. 19.1-1-gbaa47854-0ubuntu1~16.04.1 running 'init-local' at Sat, 17 Aug 2019 16:43:23 +0000. Up 7.38 seconds.
[[0;32m  OK  [0m] Started Initial cloud-init job (pre-networking).
[[0;32m  OK  [0m] Reached target Network (Pre).
         Starting Raise network interfaces...
[[0;32m  OK  [0m] Started Raise network interfaces.
[[0;32m  OK  [0m] Reached target Network.
         Starting Initial cloud-init job (metadata service crawler)...
[    8.644309] cloud-init[940]: Cloud-init v. 19.1-1-gbaa47854-0ubuntu1~16.04.1 running 'init' at Sat, 17 Aug 2019 16:43:24 +0000. Up 8.13 seconds.
[    8.646531] cloud-init[940]: ci-info: ++++++++++++++++++++++++++++++++++++++Net device info++++++++++++++++++++++++++++++++++++++
[    8.648538] cloud-init[940]: ci-info: +--------+------+----------------------------+---------------+--------+-------------------+
[    8.650673] cloud-init[940]: ci-info: | Device |  Up  |          Address           |      Mask     | Scope  |     Hw-Address    |
[    8.656799] cloud-init[940]: ci-info: +--------+------+----------------------------+---------------+--------+-------------------+
[    8.658801] cloud-init[940]: ci-info: | enp0s3 | True |         10.0.2.15          | 255.255.255.0 | global | 02:f3:53:b7:bc:c2 |
[    8.661120] cloud-init[940]: ci-info: | enp0s3 | True | fe80::f3:53ff:feb7:bcc2/64 |       .       |  link  | 02:f3:53:b7:bc:c2 |
[    8.668821] cloud-init[940]: ci-info: |   lo   | True |         127.0.0.1          |   255.0.0.0   |  host  |         .         |
[    8.670905] cloud-init[940]: ci-info: |   lo   | True |          ::1/128           |       .       |  host  |         .         |
[    8.673036] cloud-init[940]: ci-info: +--------+------+----------------------------+---------------+--------+-------------------+
[    8.675506] cloud-init[940]: ci-info: +++++++++++++++++++++++++++Route IPv4 info++++++++++++++++++++++++++++
[    8.684355] cloud-init[940]: ci-info: +-------+-------------+----------+---------------+-----------+-------+
[    8.685561] cloud-init[940]: ci-info: | Route | Destination | Gateway  |    Genmask    | Interface | Flags |
[    8.687608] cloud-init[940]: ci-info: +-------+-------------+----------+---------------+-----------+-------+
[    8.689920] cloud-init[940]: ci-info: |   0   |   0.0.0.0   | 10.0.2.2 |    0.0.0.0    |   enp0s3  |   UG  |
[    8.700386] cloud-init[940]: ci-info: |   1   |   10.0.2.0  | 0.0.0.0  | 255.255.255.0 |   enp0s3  |   U   |
[[0;32m  OK  [0m] Started Initial cloud-init job (metadata service crawler).
[    8.708506] cloud-init[940]: ci-info: +-------+-------------+----------+---------------+-----------+-------+[
[0;32m  OK  [0m] Reached target Network is Online.
[    8.727180] cloud-init[940]: ci-info: +++++++++++++++++++Route IPv6 info+++++++++++++++++++
[    8.736775]          Starting iSCSI initiator daemon (iscsid)...
[[0;32m  OK  [0m] Reached target Cloud-config availability.
cloud-init[940]: ci-info: +-------+-------------+---------+-----------+-------+
[    8.744254] [[0;32m  OK  [0m] Reached target System Initialization.
cloud-init[940]: ci-info: | Route | Destination | Gateway | Interface | Flags |
[[0;32m  OK  [0m] Started ACPI Events Check.
[[0;32m  OK  [0m] Reached target Paths.
[    8.752807] cloud-init         Starting LXD - unix socket.
[[0;32m  OK  [0m] Listening on UUID daemon activation socket.
[[0;32m  OK  [0m] Listening on D-Bus System Message Bus Socket.
[[0;32m  OK  [0m] Started Daily Cleanup of Temporary Directories.
         Starting Socket activation for snappy daemon.
[[0;32m  OK  [0m] Listening on ACPID Listen Socket.
[[0;32m  OK  [0m] Started Daily apt download activities.
[[0;32m  OK  [0m] Started Daily apt upgrade and clean activities.
[[0;32m  OK  [0m] Reached target Timers.
[940]: ci-info: +-------+-------------+---------+-----------+-------+
[    8.770962] [[0;32m  OK  [0m] Listening on LXD - unix socket.
[[0;32m  OK  [0m] Listening on Socket activation for snappy daemon.
cloud-init[940]: ci-info: |   0   |  fe80::/64  |    ::   |   enp0s3  |   U   |
[    8.775327] [[0;32m  OK  [0m] Started iSCSI initiator daemon (iscsid).
cloud-init[940]: ci-info: |   3   |   ff00::/8  |    ::   |   enp0s3  |   U   |
[    8.777319] cloud-init[940]: ci-info: +-------+-------------+---------+-----------+-------+
[    8.779211] cloud-init         Starting Login to default iSCSI targets...
[[0;32m  OK  [0m] Reached target Sockets.
[[0;32m  OK  [0m] Reached target Basic System.
         Starting LSB: MD monitoring daemon...
         Starting /etc/rc.local Compatibility...
[[0;32m  OK  [0m] Started Deferred execution scheduler.
[[0;32m  OK  [0m] Started D-Bus System Message Bus.
[940]: Generating public/private rsa key pair.
[    8.786953] cloud-init[940]: Your identification has been saved in /etc/ssh/ssh_host_rsa_key.
[    8.791373] cloud-init[940]: Your public key has been saved in /etc/ssh/ssh_host_rsa_key.pub.
[    8.793023] cloud-init[940]: The key fingerprint is:
[    8.794155] cloud-init[940]: SHA256:sm1Hs+hyjCzJ08UvNim+LLtBaUiOOZo9r4xrZJE3FOg root@ubuntu-xenial
[    8.799530] cloud-init[940]: The key's randomart image is:
[    8.800815] cloud-init[940]: +---[RSA 2048]----+
[    8.802169] cloud-init[940]: |  ...            |
[    8.803245] cloud-init[940]: | . .             |
[    8.804424] cloud-init[940]: |. +              |
[    8.817118] cloud-init[940]: | E + .           |
[    8.828290] cloud-init[940]: |+ = = ..S o      |
[    8.832147]          Starting System Logging Service...
cloud-init[940]:          Starting Virtualbox guest utils...
|.* o   +oo o     |
[    8.834330]          cloud-initStarting Accounts Service...[940]: 
|= o..+.++oo      |
[    8.835598] [cloud-init[0;32m  OK  [0m[940]: ] | + o*o*oB..      |Started Regular background program processing daemon.

[    8.837274]          Starting Login Service...
cloud-init[940]: |+.o.+B+*.o       |
[    8.841511] cloud-init[940]: +----[SHA256]-----+
         Starting Pollinate to seed the pseudo random number generator...
[    8.854462] cloud-init[940]: Generating public/private dsa key pair.
[    8.867627] cloud-init[940]: Your identification has been saved in /etc/ssh/ssh_host_dsa_key.
[    8.876733] cloud-init[940]: Your public key has been saved in /etc/ssh/ssh_host_dsa_key.pub.
[    8.886427]          Starting LSB: Record successful boot for GRUB...
         Starting Snappy daemon...
cloud-init[[0;32m  OK  [0m] Started ACPI event daemon.
[940]: The key fingerprint is:[[0;32m  OK  [0m] Started FUSE filesystem for LXC.

         Starting LXD - container startup/shutdown...
[    8.891761] [[0;32m  OK  [0m] Started System Logging Service.
cloud-init[[0;32m  OK  [0m] Started /etc/rc.local Compatibility.
[940]: SHA256:Xm2J81lXCx4wUYZSyAt1RP4I6QaUTvDl4pHoFzGr/pY root@ubuntu-xenial
[    8.908390] cloud-init[940]: The key's randomart image is:
[    8.928270] cloud-init[940]: +---[DSA 1024]----+
[    8.931862] cloud-init[940]: |     ..++o=O+o   |
[    8.940463] cloud-init[940]: |      ++B++.+    |
[    8.957768] cloud-init[940]: |     .oO.+o. o  .|
[    8.964690] cloud-init[940]: [[0;32m  OK  [0m] Started LXD - container startup/shutdown.
|    . o.*..o+.o o|[[0;32m  OK  [0m] Started Login Service.

[    8.980629] cloud-init[940]: |     o oSo+.+o...|
[    8.989500] [[0;32m  OK  [0m] Started Unattended Upgrades Shutdown.
         Starting Authenticate and Authorize Users to Run Privileged Tasks...
[[0;32m  OK  [0m] Started LSB: MD monitoring daemon.
[[0;32m  OK  [0m] Started LSB: Record successful boot for GRUB.
cloud-init[940]: |    . .... + o . |
[    9.004696] [cloud-init[0;32m  OK  [0m[940]: ] |     .  o   o    |Started Login to default iSCSI targets.

[    9.009509] cloud-init[940]: |      .E         |
[    9.016580] [[0;32m  OK  [0m] Reached target Remote File Systems (Pre).
[[0;32m  OK  [0m] Reached target Remote File Systems.
cloud-init[940]: |      ..         |
[    9.020934] cloud-init[940]: +----[SHA256]-----+
[    9.025882] cloud-init[940]: Generating public/private ecdsa key pair.
[    9.028735] cloud-init[940]: Your identification has been saved in /etc/ssh/ssh_host_ecdsa_key.
[    9.032540] cloud-init[940]: Your public key has been saved in /etc/ssh/ssh_host_ecdsa_key.pub.
[    9.035391] cloud-init[940]: The key fingerprint is:
[    9.037106]          Starting Permit User Sessions...
cloud-init[940]: SHA256:SFlb7+qDHVCizzESBJgGA7jqSECwb2F1IfMcoL+Rxec root@ubuntu-xenial         Starting LSB: daemon to balance interrupts for SMP systems...
         Starting LSB: automatic crash report generation...

         Starting LSB: Set the CPU Frequency Scaling governor to "ondemand"...
[    9.052695] cloud-init[940]: The key's randomart image is:
[    9.054573] cloud-init[940]: +---[ECDSA 256]---+
[[0;32m  OK  [0m] Started Permit User Sessions.
[    9.058146] cloud-init[940]: |O. o*+=.. .      |
[    9.061852] cloud-init[940]: |.++o B.+.o..     |
[    9.062000] cloud-init[940]: |oo+   Booo  .    |
[[0;32m  OK  [0m] Started Authenticate and Authorize Users to Run Privileged Tasks.
[[0;32m  OK  [0m] Started Accounts Service.
[    9.062767] cloud-init[940]: |oo o +o++  .     |
[    9.092259] cloud-init[940]: |o o + .+E+  .    |
[    9.093724] cloud-init[940]: |.o   o  o ..     |
[    9.094731] cloud-init[940]: |+   .    o..     |
[    9.096187] cloud-init[940]: |..      ..o      |
[    9.105544] cloud-init[940]: |          ..     |
[    9.105814] cloud-init[940]: +----[SHA256]-----+
[    9.107403]          cloud-init[940]: Generating public/private ed25519 key pair.
[    9.108889] cloud-init[940]: Your identification has been saved in /etc/ssh/ssh_host_ed25519_key.
[    9.110880] cloud-init[940]: Your public key has been saved in /etc/ssh/ssh_host_ed25519_key.pub.
[    9.111870] cloud-init[940]: The key fingerprint is:
[    9.113675] cloud-init[940]: SHA256:xz699YM2ffd58k66sLEUzn7kMD6Mb5if79geg8iw1WQ root@ubuntu-xenial
[    9.113759] cloud-init[940]: The key's randomart image is:
[    9.114833] cloud-init[940]: +--[ED25519 256]--+
[    9.114914] cloud-init[940]: |                 |
[    9.115142] cloud-init[940]: |                 |
[    9.115356] cloud-init[940]: |            E    |
[    9.115484] cloud-init[940]: |         . +     |
[    9.115666] cloud-init[940]: |        S + o    |
[    9.115829] cloud-init[940]: |         B =oo.  |
[    9.116198] cloud-init[940]: |        . =*O=* .|
[    9.116384] cloud-init[940]: |          ++=#+O=|
[    9.116805] cloud-init[940]: |           +@*O*@|
[    9.121289] cloud-init[940]: +----[SHA256]-----+
Starting Hold until boot process finishes up...
         Starting Terminate Plymouth Boot Screen...
[[0;32m  OK  [0m] Started Virtualbox guest utils.
[[0;32m  OK  [0m] Started LSB: daemon to balance interrupts for SMP systems.
[[0;32m  OK  [0m] Started LSB: Set the CPU Frequency Scaling governor to "ondemand".
[[0;32m  OK  [0m] Started Hold until boot process finishes up.
[[0;32m  OK  [0m] Started Terminate Plymouth Boot Screen.
[[0;32m  OK  [0m] Started Getty on tty1.
         Starting Set console scheme...
[[0;32m  OK  [0m] Started Serial Getty on ttyS0.
[[0;32m  OK  [0m] Reached target Login Prompts.
[[0;32m  OK  [0m] Started LSB: automatic crash report generation.
[[0;32m  OK  [0m] Started Set console scheme.
[[0;32m  OK  [0m] Started Snappy daemon.
         Starting Wait until snapd is fully seeded...

Ubuntu 16.04.6 LTS ubuntu-xenial ttyS0

ubuntu-xenial login: [   38.720468] cloud-init[1630]: Generating locales (this might take a while)...
[   39.323355] cloud-init[1630]:   en_US.UTF-8... done
[   39.324130] cloud-init[1630]: Generation complete.
[   39.508240] cloud-init[1630]: Cloud-init v. 19.1-1-gbaa47854-0ubuntu1~16.04.1 running 'modules:config' at Sat, 17 Aug 2019 16:43:54 +0000. Up 38.64 seconds.
ci-info: no authorized ssh keys fingerprints found for user ubuntu.
<14>Aug 17 16:43:55 ec2: 
<14>Aug 17 16:43:55 ec2: #############################################################
<14>Aug 17 16:43:55 ec2: -----BEGIN SSH HOST KEY FINGERPRINTS-----
<14>Aug 17 16:43:55 ec2: 1024 SHA256:Xm2J81lXCx4wUYZSyAt1RP4I6QaUTvDl4pHoFzGr/pY root@ubuntu-xenial (DSA)
<14>Aug 17 16:43:55 ec2: 256 SHA256:SFlb7+qDHVCizzESBJgGA7jqSECwb2F1IfMcoL+Rxec root@ubuntu-xenial (ECDSA)
<14>Aug 17 16:43:55 ec2: 256 SHA256:xz699YM2ffd58k66sLEUzn7kMD6Mb5if79geg8iw1WQ root@ubuntu-xenial (ED25519)
<14>Aug 17 16:43:55 ec2: 2048 SHA256:sm1Hs+hyjCzJ08UvNim+LLtBaUiOOZo9r4xrZJE3FOg root@ubuntu-xenial (RSA)
<14>Aug 17 16:43:55 ec2: -----END SSH HOST KEY FINGERPRINTS-----
<14>Aug 17 16:43:55 ec2: #############################################################
-----BEGIN SSH HOST KEY KEYS-----
ecdsa-sha2-nistp256 AAAAE2VjZHNhLXNoYTItbmlzdHAyNTYAAAAIbmlzdHAyNTYAAABBBOQN1GU5D+gK6IeIFbBpQkqSufJXiatbf2u72RrWWb/1ZagTE3VzkUXXvTwBykbJUQYLUe+RL1j8nHCSGQRsLzE= root@ubuntu-xenial
ssh-ed25519 AAAAC3NzaC1lZDI1NTE5AAAAINGHId7nL71Xi/290eitsCK4xf63CSQPG53q5w1Xj1gx root@ubuntu-xenial
ssh-rsa AAAAB3NzaC1yc2EAAAADAQABAAABAQCreCjAEHPS2FjuSfFpzEyKcYxoNZekVcEIrhOCYk9isntL/i/riXbWPFdW9PmlMjMTcGZ6cYerqDrBtzNKQGqpb1988mRKnwHDxtHrbN9xUIuvpwG+Ezt1e7LDzytwVvwEgs+08KD4LpiZyj+FypTg6YOM/IKs2qjd+FtHIYZ27XU7SojjZeBl3mjEUcyeNGR0X5DQA+hdf8DgLdtXVKYkUEn79dF98Wz41aFxCQJ6ntHePEhzQmAKwaWyBAR8WEhSSqfX5/vD4/fhB6FUqO1z1K2HXySPEN9CKTjKK/n8rpyErIg6l63DQlrHa9J5bdnx231Zap+2u4SKZvOl2dMj root@ubuntu-xenial
-----END SSH HOST KEY KEYS-----
[   39.859372] cloud-init[1671]: Cloud-init v. 19.1-1-gbaa47854-0ubuntu1~16.04.1 running 'modules:final' at Sat, 17 Aug 2019 16:43:55 +0000. Up 39.75 seconds.
[   39.861237] cloud-init[1671]: ci-info: no authorized ssh keys fingerprints found for user ubuntu.
[   39.862364] cloud-init[1671]: Cloud-init v. 19.1-1-gbaa47854-0ubuntu1~16.04.1 finished at Sat, 17 Aug 2019 16:43:55 +0000. Datasource DataSourceNoCloud [seed=/dev/sdb][dsmode=net].  Up 39.85 seconds
